31 71
108 129
133 224
193 198
237 301
243 248
277 322
318 381
335 355
404 416
431 439
453 480
473 481
478 566
559 628
574 606
689 721
707 799
749 772
761 822
816 834
817 868
825 869
862 895
892 982
904 909
908 932
942 1042
949 984
960 967
974 997
1020 1032
1107 1146
1116 1180
1152 1203
1181 1209
1280 1317
1289 1307
1369 1445
1391 1462
1450 1451
1456 1460
1467 1488
1496 1525
1547 1632
1562 1591
1567 1626
1603 1659
1609 1667
1631 1643
1680 1727
1691 1697
1720 1814
1795 1867
1873 1962
1876 1925
1900 1982
1915 1992
1917 1971
1963 2031
1981 2072
2009 2035
2042 2060
2052 2067
2065 2134
2084 2159
2096 2103
2114 2177
2144 2198
2178 2214
2210 2240
2236 2251
2288 2322
2326 2373
2334 2411
2380 2406
2451 2482
2459 2506
2491 2501
2538 2617
2590 2658
2603 2660
2613 2702
2651 2692
2697 2765
2724 2726
2748 2776
2795 2894
2829 2833
2925 2990
2985 3033
3037 3130
3072 3093
3076 3078
3100 3187
3115 3204
3124 3165
3137 3187
3173 3273
3183 3216
3210 3239
3253 3331
3309 3347
3319 3377
3334 3411
3353 3441
3379 3456
3381 3447
3421 3466
3446 3488
3465 3548
3523 3592
3531 3617
3533 3576
3594 3625
3625 3643
3633 3684
3655 3724
3663 3700
3678 3778
3697 3744
3751 3829
3772 3798
3779 3864
3791 3870
3827 3853
3832 3909
3884 3892
3897 3927
3898 3949
3987 3990
4013 4072
4067 4073
4105 4205
4115 4173
4141 4203
4227 4327
4246 4311
4254 4277
4294 4320
4305 4311
4315 4396
4323 4401
4350 4421
4359 4373
4447 4450
4486 4489
4561 4570
4618 4671
4634 4713
4663 4688
4714 4747
4732 4751
4753 4763
4769 4838
4856 4886
4933 4983
4941 5037
4943 5030
5001 5003
5044 5103
5045 5115
5102 5141
5130 5189
5133 5160
5135 5145
5166 5261
5177 5178
5211 5220
5218 5231
5272 5332
5276 5321
5304 5316
5344 5441
5365 5450
5402 5481
5457 5496
5477 5501
5604 5674
5639 5727
5706 5746
5776 5822
5800 5804
5838 5857
5876 5894
5902 5961
5903 5983
5939 6031
5961 5975
5982 6034
5992 6057
5998 6078
6039 6073
6059 6152
6147 6207
6166 6192
6203 6221
6203 6286
6214 6242
6219 6295
6256 6272
6263 6308
6310 6343
6402 6475
6451 6549
6510 6585
6511 6605
6526 6558
6543 6575
6610 6638
6619 6642
6667 6712
6707 6731
6709 6736
6745 6841
6775 6874
6861 6890
6880 6956
6887 6909
6937 6962
6950 6983
6957 6976
6959 7059
6961 7007
6964 7056
7017 7054
7026 7068
7070 7106
7071 7075
7077 7140
7096 7108
7109 7196
7126 7172
7127 7195
7176 7197
7198 7249
7204 7241
7251 7294
7251 7343
7301 7313
7335 7385
7356 7428
7410 7462
7493 7505
7585 7594
7599 7674
7646 7691
7666 7739
7670 7717
7710 7803
7719 7814
7796 7798
7868 7884
7890 7985
7900 7923
7965 8023
7981 8031
8001 8096
8014 8047
8029 8074
8051 8125
8083 8104
8106 8142
8137 8204
8143 8173
8163 8246
8207 8225
8275 8281
8301 8371
8327 8354
8332 8411
8351 8362
8392 8439
8408 8446
8420 8453
8426 8443
8449 8474
8478 8565
8522 8595
8529 8549
8551 8651
8578 8674
8600 8624
8602 8640
8643 8656
8644 8648
8657 8740
8771 8812
8826 8898
8838 8853
8899 8926
8917 8949
9112 9124
9119 9125
9190 9253
9255 9342
9258 9304
9260 9312
9267 9282
9352 9440
9363 9373
9388 9404
9464 9473
9465 9507
9495 9542
9503 9573
9556 9595
9589 9664
9619 9659
9625 9689
9637 9689
9650 9711
9651 9677
9708 9745
9863 9944
9866 9962
9978 10053
9985 10046
10099 10176
10159 10176
10187 10240
10188 10256
10193 10261
10210 10270
10230 10257
10236 10295
10243 10335
10408 10504
10422 10505
10496 10498
10528 10546
10631 10704
10657 10671
10696 10697
10709 10808
10726 10775
10825 10892
10835 10838
10841 10893
10854 10909
10866 10934
10904 10971
10911 10946
10937 11037
10954 10995
10999 11097
11040 11088
11045 11055
11051 11092
11066 11073
11070 11129
11073 11111
11076 11096
11094 11171
11104 11140
11120 11126
11128 11210
11134 11204
11138 11172
11216 11275
11282 11324
11299 11317
11321 11342
11420 11422
11502 11533
11502 11594
11505 11602
11619 11645
11689 11704
11704 11736
11731 11775
11819 11884
11845 11861
11845 11889
11853 11854
11876 11945
12002 12092
12003 12031
12067 12131
12074 12081
12092 12125
12099 12156
12104 12164
12105 12184
12106 12107
12123 12207
12162 12235
12164 12244
12175 12205
12219 12242
12251 12324
12259 12290
12260 12262
12270 12329
12298 12342
12346 12421
12359 12395
12366 12436
12406 12453
12412 12498
12415 12493
12480 12531
12577 12635
12587 12685
12598 12605
12628 12687
12642 12655
12719 12767
12848 12897
12867 12892
12891 12923
12949 13007
12999 13075
13021 13030
13056 13082
13080 13094
13094 13165
13130 13143
13134 13173
13140 13208
13157 13187
13203 13249
13222 13240
13325 13381
13353 13402
13413 13478
13415 13512
13436 13497
13551 13603
13592 13622
13618 13662
13623 13700
13645 13705
13657 13705
13716 13801
13756 13770
13781 13790
13786 13788
13857 13887
13896 13975
13902 14000
13931 14024
13958 14039
13980 14033
14002 14077
14038 14044
14052 14141
14083 14149
14096 14108
14145 14146
14145 14152
14157 14225
14174 14261
14176 14185
14179 14189
14251 14297
14251 14321
14267 14358
14282 14339
14283 14300
14352 14388
14372 14412
14407 14472
14409 14449
14507 14559
14508 14536
14511 14537
14588 14667
14599 14627
14601 14606
14669 14741
14694 14717
14702 14730
14744 14825
14789 14849
14836 14837
14851 14869
14909 14966
14910 14994
14923 14929
14967 15064
14968 15068
15007 15014
15054 15069
15095 15123
15105 15113
15111 15134
15143 15196
15153 15227
15159 15250
15194 15215
15195 15278
15251 15297
15284 15331
15317 15362
15320 15343
15356 15419
15358 15457
15371 15411
15376 15385
15399 15452
15400 15480
15423 15428
15488 15557
15492 15498
15540 15605
15552 15557
15591 15635
15595 15681
15637 15665
15642 15697
15655 15706
15659 15712
15742 15770
15763 15831
15879 15931
15940 16001
15947 15978
15950 15958
15957 16026
15981 15999
16068 16103
16068 16108
16173 16190
16208 16216
16256 16343
16322 16382
16329 16351
16353 16415
16385 16438
16483 16485
16488 16580
16584 16593
16633 16686
16660 16707
16682 16728
16692 16711
16741 16746
16745 16767
16812 16836
16837 16908
16884 16915
16905 16952
16923 16948
16969 17062
16979 17052
16985 17055
16990 17031
17043 17130
17052 17069
17059 17130
17060 17065
17104 17110
17112 17192
17130 17211
17149 17222
17152 17180
17161 17174
17168 17191
17189 17233
17277 17350
17319 17365
17387 17487
17422 17452
17435 17463
17481 17562
17491 17547
17510 17601
17519 17550
17526 17564
17568 17590
17571 17583
17631 17695
17635 17649
17659 17675
17750 17771
17766 17811
17771 17862
17841 17922
17920 17975
17932 17957
17968 18016
18041 18059
18041 18134
18090 18148
18139 18205
18238 18336
18278 18320
18303 18314
18366 18427
18395 18460
18437 18520
18440 18450
18448 18454
18473 18522
18480 18493
18524 18617
18537 18585
18658 18689
18676 18734
18740 18760
18769 18839
18837 18861
18838 18896
18888 18943
18894 18900
18931 19005
18957 18988
19021 19080
19055 19152
19093 19121
19094 19182
19122 19176
19154 19201
19213 19289
19252 19335
19272 19355
19312 19389
19359 19385
19376 19381
19376 19422
19429 19518
19436 19516
19437 19478
19445 19446
19491 19494
19493 19516
19525 19623
19559 19562
19597 19697
19668 19729
19685 19739
19707 19773
19713 19780
19751 19835
19810 19855
19837 19880
19842 19899
19880 19938
19881 19914
19890 19910
19954 19959
19959 19974
19990 20045
20019 20090
20023 20035
20034 20042
20035 20105
20039 20071
20059 20121
20060 20114
20084 20161
20093 20171
20116 20146
20122 20159
20132 20135
20144 20169
20172 20196
20209 20263
20221 20250
20286 20289
20293 20329
20364 20421
20380 20463
20414 20450
20452 20509
20459 20550
20475 20558
20478 20499
20574 20659
20615 20682
20734 20822
20744 20813
20812 20819
20887 20896
20890 20912
20892 20914
20913 20950
20999 21019
21002 21081
21013 21071
21046 21084
21054 21127
21199 21234
21228 21236
21265 21289
21292 21355
21305 21349
21341 21391
21426 21453
21428 21495
21431 21510
21464 21512
21475 21559
21518 21583
21525 21565
21559 21643
21572 21616
21594 21616
21616 21624
21626 21687
21636 21639
21670 21680
21670 21760
21673 21755
21677 21769
21741 21753
21741 21789
21742 21796
21755 21819
21760 21806
21771 21779
21871 21912
21880 21893
21889 21988
21897 21949
21910 21944
21916 21922
21984 22026
22003 22011
22025 22111
22096 22179
22105 22190
22199 22255
22207 22283
22225 22236
22228 22230
22303 22386
22305 22313
22378 22429
22395 22467
22419 22486
22421 22452
22427 22465
22429 22445
22463 22556
22469 22535
22502 22544
22545 22568
22578 22678
22596 22674
22606 22655
22608 22609
22617 22619
22702 22776
22822 22858
22851 22921
22861 22948
22866 22876
22891 22904
22912 22930
22925 23008
22992 22993
23062 23087
23147 23218
23172 23188
23214 23312
23218 23308
23321 23339
23353 23409
23359 23441
23374 23455
23408 23420
23472 23565
23680 23690
23693 23700
23724 23728
23749 23750
23774 23850
23778 23851
23787 23797
23795 23895
23826 23913
23892 23969
23899 23969
23904 23977
23909 23993
23917 23983
23982 24025
24001 24019
24008 24028
24053 24097
24057 24149
24065 24092
24067 24148
24151 24248
24168 24204
24188 24198
24275 24278
24280 24320
24283 24314
24321 24322
24344 24372
24346 24424
24350 24385
24389 24393
24391 24466
24440 24505
24472 24475
24478 24485
24479 24524
24487 24543
24491 24519
24531 24628
24539 24609
24590 24658
24728 24791
24798 24846
24802 24827
24814 24840
24834 24868
24841 24876
24868 24874
24871 24916
24895 24912
24910 25003
24995 25062
25142 25220
25155 25213
25195 25269
25215 25300
25244 25304
25246 25272
25251 25325
25289 25336
25331 25347
25331 25412
25378 25458
25404 25472
25409 25430
25479 25482
25480 25545
25493 25576
25517 25518
25549 25591
25563 25569
25587 25659
25589 25677
25590 25628
25597 25630
25652 25718
25801 25878
25851 25939
25858 25872
25865 25946
25867 25901
25879 25975
25923 25993
25927 26025
25973 26004
25995 25997
26022 26065
26085 26102
26107 26138
26134 26173
26134 26214
26175 26224
26182 26240
26202 26277
26204 26259
26207 26252
26250 26331
26254 26283
26273 26355
26277 26339
26299 26396
26439 26440
26546 26625
26582 26658
26735 26752
26736 26775
26770 26799
26781 26793
26838 26900
26839 26862
26847 26937
26873 26952
26902 26907
26922 27016
26944 27006
26964 27047
26993 27052
26994 27055
27001 27100
27008 27068
27033 27096
27103 27127
27197 27253
27259 27357
27264 27333
27299 27340
27384 27411
27416 27462
27455 27463
27480 27545
27492 27542
27501 27502
27501 27541
27506 27547
27567 27576
27640 27663
27688 27778
27703 27774
27719 27785
27731 27761
27761 27822
27819 27846
27820 27890
27849 27852
27850 27896
27932 27953
28081 28127
28146 28176
28150 28239
28309 28336
28335 28394
28376 28438
28400 28493
28412 28417
28430 28462
28433 28516
28439 28507
28452 28471
28530 28582
28555 28635
28625 28657
28834 28923
28928 29023
28976 29027
28988 29066
29009 29107
29016 29100
29064 29094
29171 29235
29196 29201
29204 29222
29238 29315
29251 29308
29335 29352
29536 29630
29584 29606
29679 29701
29725 29822
29726 29774
29785 29828
29838 29858
29887 29937
29897 29933
29898 29960
29904 29991
29910 30008
29921 29982
29941 29964
30002 30068
30116 30168
30184 30194
30252 30332
30268 30331
30357 30392
30363 30372
30366 30440
30371 30461
30396 30471
30479 30557
30617 30658
30630 30709
30647 30723
30741 30798
30763 30779
30794 30825
30814 30820
30823 30888
30856 30861
30857 30910
30920 30933
30921 30971
31031 31039
31081 31179
31095 31157
31176 31268
31236 31327
31243 31264
31355 31407
31374 31391
31406 31421
31470 31553
31482 31567
31541 31618
31553 31555
31685 31739
31734 31784
31758 31810
31772 31838
31842 31940
31853 31915
31861 31877
31870 31957
31882 31912
31901 31990
31954 31989
912 184
